TN:
SF:C:\Users\toshiba\Documents\GitHub\practica2_analisis\colegio\src\polyfills.ts
FNF:0
FNH:0
LF:0
LH:0
BRF:0
BRH:0
end_of_record
TN:
SF:C:\Users\toshiba\Documents\GitHub\practica2_analisis\colegio\src\test.ts
FNF:0
FNH:0
DA:13,1
DA:18,1
DA:20,1
LF:3
LH:3
BRF:0
BRH:0
end_of_record
TN:
SF:C:\Users\toshiba\Documents\GitHub\practica2_analisis\colegio\src\zone-flags.ts
FNF:0
FNH:0
DA:5,1
LF:1
LH:1
BRF:0
BRH:0
end_of_record
TN:
SF:C:\Users\toshiba\Documents\GitHub\practica2_analisis\colegio\src\app\app.component.ts
FN:13,(anonymous_0)
FN:21,(anonymous_1)
FN:22,(anonymous_2)
FNF:3
FNH:3
FNDA:2,(anonymous_0)
FNDA:2,(anonymous_1)
FNDA:2,(anonymous_2)
DA:12,1
DA:14,2
DA:15,2
DA:16,2
DA:18,2
DA:22,2
DA:23,2
DA:24,2
LF:8
LH:8
BRF:0
BRH:0
end_of_record
TN:
SF:C:\Users\toshiba\Documents\GitHub\practica2_analisis\colegio\src\app\explore-container\explore-container.component.ts
FN:11,(anonymous_0)
FN:13,(anonymous_1)
FNF:2
FNH:2
FNDA:7,(anonymous_0)
FNDA:7,(anonymous_1)
DA:8,1
DA:9,1
LF:2
LH:2
BRF:0
BRH:0
end_of_record
TN:
SF:C:\Users\toshiba\Documents\GitHub\practica2_analisis\colegio\src\app\explore-container\explore-container.module.ts
FNF:0
FNH:0
DA:14,1
LF:1
LH:1
BRF:0
BRH:0
end_of_record
TN:
SF:C:\Users\toshiba\Documents\GitHub\practica2_analisis\colegio\src\app\home-admin\home-admin.page.ts
FN:10,(anonymous_0)
FN:12,(anonymous_1)
FNF:2
FNH:2
FNDA:1,(anonymous_0)
FNDA:1,(anonymous_1)
DA:8,1
LF:1
LH:1
BRF:0
BRH:0
end_of_record
TN:
SF:C:\Users\toshiba\Documents\GitHub\practica2_analisis\colegio\src\app\home-catedratico\home-catedratico.page.ts
FN:10,(anonymous_0)
FN:12,(anonymous_1)
FNF:2
FNH:2
FNDA:1,(anonymous_0)
FNDA:1,(anonymous_1)
DA:8,1
LF:1
LH:1
BRF:0
BRH:0
end_of_record
TN:
SF:C:\Users\toshiba\Documents\GitHub\practica2_analisis\colegio\src\app\home-usuario\home-usuario.page.ts
FN:10,(anonymous_0)
FN:12,(anonymous_1)
FNF:2
FNH:2
FNDA:1,(anonymous_0)
FNDA:1,(anonymous_1)
DA:8,1
LF:1
LH:1
BRF:0
BRH:0
end_of_record
TN:
SF:C:\Users\toshiba\Documents\GitHub\practica2_analisis\colegio\src\app\mocks\mock-users.ts
FNF:0
FNH:0
DA:4,1
LF:1
LH:1
BRF:0
BRH:0
end_of_record
TN:
SF:C:\Users\toshiba\Documents\GitHub\practica2_analisis\colegio\src\app\services\login\login.service.ts
FN:13,(anonymous_0)
FN:16,(anonymous_1)
FN:20,(anonymous_2)
FN:40,(anonymous_3)
FNF:4
FNH:4
FNDA:12,(anonymous_0)
FNDA:5,(anonymous_1)
FNDA:30,(anonymous_2)
FNDA:1,(anonymous_3)
DA:8,1
DA:10,12
DA:13,12
DA:17,5
DA:18,5
DA:20,5
DA:21,30
DA:22,3
DA:23,3
DA:30,5
DA:31,4
DA:32,4
DA:35,1
DA:41,1
DA:42,1
DA:43,1
LF:16
LH:16
BRDA:21,0,0,3
BRDA:21,0,1,27
BRDA:21,1,0,30
BRDA:21,1,1,3
BRDA:30,2,0,4
BRDA:30,2,1,1
BRF:6
BRH:6
end_of_record
TN:
SF:C:\Users\toshiba\Documents\GitHub\practica2_analisis\colegio\src\app\tab2\tab2.page.ts
FN:12,(anonymous_0)
FN:21,(anonymous_1)
FNF:2
FNH:1
FNDA:1,(anonymous_0)
FNDA:0,(anonymous_1)
DA:10,1
DA:12,1
DA:14,1
DA:22,0
DA:23,0
DA:24,0
DA:25,0
DA:27,0
LF:8
LH:3
BRDA:22,0,0,0
BRDA:22,0,1,0
BRF:2
BRH:0
end_of_record
TN:
SF:C:\Users\toshiba\Documents\GitHub\practica2_analisis\colegio\src\app\tab3\tab3.page.ts
FN:19,(anonymous_0)
FN:25,(anonymous_1)
FN:42,(anonymous_2)
FN:52,(anonymous_4)
FNF:4
FNH:4
FNDA:6,(anonymous_0)
FNDA:4,(anonymous_1)
FNDA:1,(anonymous_2)
FNDA:1,(anonymous_4)
DA:12,1
DA:15,6
DA:20,6
DA:21,6
DA:22,6
DA:26,4
DA:28,4
DA:29,1
DA:31,3
DA:32,1
DA:34,2
DA:35,1
DA:37,1
DA:43,1
DA:49,1
DA:53,1
LF:16
LH:16
BRDA:28,0,0,1
BRDA:28,0,1,3
BRDA:31,1,0,1
BRDA:31,1,1,2
BRDA:34,2,0,1
BRDA:34,2,1,1
BRF:6
BRH:6
end_of_record
TN:
SF:C:\Users\toshiba\Documents\GitHub\practica2_analisis\colegio\src\app\tabs\tabs.page.ts
FN:11,(anonymous_0)
FN:14,(anonymous_1)
FNF:2
FNH:2
FNDA:2,(anonymous_0)
FNDA:1,(anonymous_1)
DA:9,1
DA:11,2
DA:15,1
DA:16,1
DA:17,1
LF:5
LH:5
BRF:0
BRH:0
end_of_record
